<?xml version="1.0" encoding="UTF-8"?>
<!-- Generated by org.testng.reporters.JUnitReportReporter -->
<testsuite hostname="DESKTOP-5EVK54D" failures="0" tests="4" name="uiappfeatures.AmazonRunnerTest" time="51.834" errors="0" timestamp="2023-12-01T08:24:59 IST" skipped="0">
  <testcase classname="uiappfeatures.AmazonRunnerTest" name="runScenario" time="10.144"/>
  <system-out/>
  <testcase classname="uiappfeatures.AmazonRunnerTest" name="runScenario" time="9.476"/>
  <system-out/>
  <testcase classname="uiappfeatures.AmazonRunnerTest" name="runScenario" time="6.929"/>
  <system-out/>
  <testcase classname="uiappfeatures.AmazonRunnerTest" name="runScenario" time="25.285"/>
  <system-out/>
</testsuite> <!-- uiappfeatures.AmazonRunnerTest -->
